<?xml version="1.0" encoding="UTF-8"?>
<!-- Generated by org.testng.reporters.JUnitReportReporter -->
<testsuite hostname="LAPTOP-OGN7MF7F" failures="0" tests="5" name="tests.LoginTests" time="24.567" errors="0" timestamp="2025-09-07T12:19:47 IST" skipped="0">
  <testcase classname="tests.LoginTests" name="testInvalidLoginShowErrorMsg" time="5.924"/>
  <testcase classname="tests.LoginTests" name="testLoginButtonDisabledWhenFieldsEmpty" time="3.705"/>
  <testcase classname="tests.LoginTests" name="testPasswordToggleMaskingAgain" time="5.816"/>
  <testcase classname="tests.LoginTests" name="testPasswordUnmasking" time="4.462"/>
  <testcase classname="tests.LoginTests" name="testPasswordMaskedByDefault" time="4.660"/>
</testsuite> <!-- tests.LoginTests -->
